<?xml version="1.0" encoding="UTF-8"?>
<testsuite xmlns:xsi="http://www.w3.org/2001/XMLSchema-instance" xsi:noNamespaceSchemaLocation="https://maven.apache.org/surefire/maven-surefire-plugin/xsd/surefire-test-report.xsd" name="rs.edu.raf.service.CreditServiceImplTest" time="0.552" tests="7" errors="0" skipped="0" failures="0">
  <properties>
[...]
</properties>
  <testcase name="approveCreditRequest" classname="rs.edu.raf.service.CreditServiceImplTest" time="0.469"/>
  <testcase name="getAllCreditRequestForUser" classname="rs.edu.raf.service.CreditServiceImplTest" time="0.032"/>
  <testcase name="getAllCreditRequests" classname="rs.edu.raf.service.CreditServiceImplTest" time="0.01"/>
  <testcase name="getDetailedCredit" classname="rs.edu.raf.service.CreditServiceImplTest" time="0.012"/>
  <testcase name="applyForCredit" classname="rs.edu.raf.service.CreditServiceImplTest" time="0.009"/>
  <testcase name="createCredit" classname="rs.edu.raf.service.CreditServiceImplTest" time="0.009"/>
  <testcase name="dennyCreditRequest" classname="rs.edu.raf.service.CreditServiceImplTest" time="0.006"/>
</testsuite>